0 info it worked if it ends with ok
1 verbose cli [ '/usr/local/bin/node',
1 verbose cli   '/usr/local/bin/npm',
1 verbose cli   'publish',
1 verbose cli   '--access=public' ]
2 info using npm@2.14.12
3 info using node@v4.3.2
4 verbose publish [ '.' ]
5 silly cache add args [ '.', null ]
6 verbose cache add spec .
7 silly cache add parsed spec Result {
7 silly cache add   raw: '.',
7 silly cache add   scope: null,
7 silly cache add   name: null,
7 silly cache add   rawSpec: '.',
7 silly cache add   spec: '/Users/bastianschwabe/Projekte/Dummy.website/node_modules/postcss-media-query-shorthand',
7 silly cache add   type: 'directory' }
8 verbose addLocalDirectory /Users/bastianschwabe/.npm/postcss-media-query-shorthand/0.0.1/package.tgz not in flight; packing
9 verbose tar pack [ '/Users/bastianschwabe/.npm/postcss-media-query-shorthand/0.0.1/package.tgz',
9 verbose tar pack   '/Users/bastianschwabe/Projekte/Dummy.website/node_modules/postcss-media-query-shorthand' ]
10 verbose tarball /Users/bastianschwabe/.npm/postcss-media-query-shorthand/0.0.1/package.tgz
11 verbose folder /Users/bastianschwabe/Projekte/Dummy.website/node_modules/postcss-media-query-shorthand
12 info prepublish postcss-media-query-shorthand@0.0.1
13 verbose addLocalTarball adding from inside cache /Users/bastianschwabe/.npm/postcss-media-query-shorthand/0.0.1/package.tgz
14 silly cache afterAdd postcss-media-query-shorthand@0.0.1
15 verbose afterAdd /Users/bastianschwabe/.npm/postcss-media-query-shorthand/0.0.1/package/package.json not in flight; writing
16 verbose afterAdd /Users/bastianschwabe/.npm/postcss-media-query-shorthand/0.0.1/package/package.json written
17 silly publish { name: 'postcss-media-query-shorthand',
17 silly publish   version: '0.0.1',
17 silly publish   description: 'Super simple media query shorthands for postcss',
17 silly publish   main: 'index.js',
17 silly publish   scripts: { test: 'echo "Error: no test specified" && exit 1' },
17 silly publish   keywords:
17 silly publish    [ 'css',
17 silly publish      'postcss',
17 silly publish      'postcss-plugin',
17 silly publish      'media',
17 silly publish      'queries',
17 silly publish      'shorthand',
17 silly publish      'responsive' ],
17 silly publish   author: { name: 'Bastian Schwabe' },
17 silly publish   license: 'MIT',
17 silly publish   repository:
17 silly publish    { type: 'git',
17 silly publish      url: 'git+https://github.com/r12r/postcss-media-query-shorthand.git' },
17 silly publish   dependencies: { 'object-assign': '^4.1.1', postcss: '^5.2.15' },
17 silly publish   readme: '# postcss-media-query-shorthand',
17 silly publish   readmeFilename: 'README.md',
17 silly publish   gitHead: '818cf44020c83bc41323abaa014c3e0ae9bc4b96',
17 silly publish   bugs: { url: 'https://github.com/r12r/postcss-media-query-shorthand/issues' },
17 silly publish   homepage: 'https://github.com/r12r/postcss-media-query-shorthand#readme',
17 silly publish   _id: 'postcss-media-query-shorthand@0.0.1',
17 silly publish   _shasum: 'ad58f5f01b7b4385cc8dd7bc9fc07d864eae6bea',
17 silly publish   _from: '.' }
18 verbose getPublishConfig undefined
19 silly mapToRegistry name postcss-media-query-shorthand
20 silly mapToRegistry using default registry
21 silly mapToRegistry registry https://registry.npmjs.org/
22 silly mapToRegistry uri https://registry.npmjs.org/postcss-media-query-shorthand
23 verbose publish registryBase https://registry.npmjs.org/
24 silly publish uploading /Users/bastianschwabe/.npm/postcss-media-query-shorthand/0.0.1/package.tgz
25 verbose request uri https://registry.npmjs.org/postcss-media-query-shorthand
26 verbose request sending authorization for write operation
27 info attempt registry request try #1 at 16:42:55
28 verbose request using bearer token for auth
29 verbose request id 17fd1b82a0c4b4dd
30 http request PUT https://registry.npmjs.org/postcss-media-query-shorthand
31 http 403 https://registry.npmjs.org/postcss-media-query-shorthand
32 verbose headers { 'content-type': 'application/json',
32 verbose headers   'cache-control': 'max-age=300',
32 verbose headers   'content-length': '95',
32 verbose headers   'accept-ranges': 'bytes',
32 verbose headers   date: 'Thu, 13 Jul 2017 14:42:57 GMT',
32 verbose headers   via: '1.1 varnish',
32 verbose headers   connection: 'keep-alive',
32 verbose headers   'x-served-by': 'cache-hhn1530-HHN',
32 verbose headers   'x-cache': 'MISS',
32 verbose headers   'x-cache-hits': '0',
32 verbose headers   'x-timer': 'S1499956976.704826,VS0,VE1300',
32 verbose headers   vary: 'Accept-Encoding, Accept' }
33 verbose request invalidating /Users/bastianschwabe/.npm/registry.npmjs.org/postcss-media-query-shorthand on PUT
34 error publish Failed PUT 403
35 verbose stack Error: "You cannot publish over the previously published version 0.0.1." : postcss-media-query-shorthand
35 verbose stack     at makeError (/usr/local/lib/node_modules/npm/node_modules/npm-registry-client/lib/request.js:264:12)
35 verbose stack     at CachingRegistryClient.<anonymous> (/usr/local/lib/node_modules/npm/node_modules/npm-registry-client/lib/request.js:252:14)
35 verbose stack     at Request._callback (/usr/local/lib/node_modules/npm/node_modules/npm-registry-client/lib/request.js:172:14)
35 verbose stack     at Request.self.callback (/usr/local/lib/node_modules/npm/node_modules/request/request.js:198:22)
35 verbose stack     at emitTwo (events.js:87:13)
35 verbose stack     at Request.emit (events.js:172:7)
35 verbose stack     at Request.<anonymous> (/usr/local/lib/node_modules/npm/node_modules/request/request.js:1082:10)
35 verbose stack     at emitOne (events.js:82:20)
35 verbose stack     at Request.emit (events.js:169:7)
35 verbose stack     at IncomingMessage.<anonymous> (/usr/local/lib/node_modules/npm/node_modules/request/request.js:1009:12)
36 verbose statusCode 403
37 verbose pkgid postcss-media-query-shorthand
38 verbose cwd /Users/bastianschwabe/Projekte/Dummy.website/node_modules/postcss-media-query-shorthand
39 error Darwin 16.6.0
40 error argv "/usr/local/bin/node" "/usr/local/bin/npm" "publish" "--access=public"
41 error node v4.3.2
42 error npm  v2.14.12
43 error code E403
44 error "You cannot publish over the previously published version 0.0.1." : postcss-media-query-shorthand
45 error If you need help, you may report this error at:
45 error     <https://github.com/npm/npm/issues>
46 verbose exit [ 1, true ]
